{"D:\\Productzilla Academy\\SeviGo\\Frontend\\src\\components\\elements\\forms\\formReport.tsx": {"path":"D:\\Productzilla Academy\\SeviGo\\Frontend\\src\\components\\elements\\forms\\formReport.tsx","statementMap":{"0":{"start":{"line":1,"column":0},"end":{"line":1,"column":44}},"1":{"start":{"line":2,"column":0},"end":{"line":2,"column":49}},"2":{"start":{"line":3,"column":0},"end":{"line":3,"column":47}},"3":{"start":{"line":4,"column":0},"end":{"line":4,"column":41}},"4":{"start":{"line":5,"column":0},"end":{"line":5,"column":44}},"5":{"start":{"line":6,"column":0},"end":{"line":6,"column":40}},"6":{"start":{"line":9,"column":0},"end":{"line":9,"column":35}},"7":{"start":{"line":13,"column":19},"end":{"line":254,"column":1}},"8":{"start":{"line":14,"column":38},"end":{"line":14,"column":62}},"9":{"start":{"line":15,"column":40},"end":{"line":15,"column":55}},"10":{"start":{"line":16,"column":36},"end":{"line":16,"column":65}},"11":{"start":{"line":17,"column":48},"end":{"line":17,"column":77}},"12":{"start":{"line":18,"column":36},"end":{"line":28,"column":4}},"13":{"start":{"line":31,"column":2},"end":{"line":44,"column":9}},"14":{"start":{"line":32,"column":4},"end":{"line":43,"column":9}},"15":{"start":{"line":35,"column":33},"end":{"line":37,"column":null}},"16":{"start":{"line":37,"column":12},"end":{"line":37,"column":77}},"17":{"start":{"line":39,"column":8},"end":{"line":39,"column":40}},"18":{"start":{"line":42,"column":8},"end":{"line":42,"column":79}},"19":{"start":{"line":47,"column":2},"end":{"line":53,"column":24}},"20":{"start":{"line":48,"column":4},"end":{"line":52,"column":6}},"21":{"start":{"line":49,"column":6},"end":{"line":51,"column":7}},"22":{"start":{"line":50,"column":8},"end":{"line":50,"column":45}},"23":{"start":{"line":55,"column":28},"end":{"line":65,"column":3}},"24":{"start":{"line":60,"column":28},"end":{"line":60,"column":36}},"25":{"start":{"line":61,"column":4},"end":{"line":64,"column":8}},"26":{"start":{"line":61,"column":27},"end":{"line":63,"column":null}},"27":{"start":{"line":67,"column":27},"end":{"line":77,"column":3}},"28":{"start":{"line":68,"column":4},"end":{"line":68,"column":32}},"29":{"start":{"line":68,"column":25},"end":{"line":68,"column":32}},"30":{"start":{"line":69,"column":17},"end":{"line":69,"column":34}},"31":{"start":{"line":70,"column":4},"end":{"line":76,"column":5}},"32":{"start":{"line":71,"column":6},"end":{"line":74,"column":10}},"33":{"start":{"line":71,"column":29},"end":{"line":73,"column":null}},"34":{"start":{"line":75,"column":6},"end":{"line":75,"column":52}},"35":{"start":{"line":79,"column":23},"end":{"line":121,"column":4}},"36":{"start":{"line":79,"column":52},"end":{"line":121,"column":4}},"37":{"start":{"line":80,"column":4},"end":{"line":80,"column":23}},"38":{"start":{"line":82,"column":4},"end":{"line":86,"column":5}},"39":{"start":{"line":83,"column":6},"end":{"line":83,"column":47}},"40":{"start":{"line":84,"column":6},"end":{"line":84,"column":27}},"41":{"start":{"line":85,"column":6},"end":{"line":85,"column":13}},"42":{"start":{"line":88,"column":24},"end":{"line":88,"column":38}},"43":{"start":{"line":89,"column":4},"end":{"line":89,"column":49}},"44":{"start":{"line":90,"column":4},"end":{"line":90,"column":53}},"45":{"start":{"line":91,"column":4},"end":{"line":91,"column":59}},"46":{"start":{"line":92,"column":4},"end":{"line":92,"column":55}},"47":{"start":{"line":93,"column":4},"end":{"line":93,"column":59}},"48":{"start":{"line":94,"column":4},"end":{"line":96,"column":5}},"49":{"start":{"line":95,"column":6},"end":{"line":95,"column":57}},"50":{"start":{"line":98,"column":4},"end":{"line":120,"column":5}},"51":{"start":{"line":99,"column":6},"end":{"line":99,"column":43}},"52":{"start":{"line":100,"column":6},"end":{"line":110,"column":9}},"53":{"start":{"line":111,"column":6},"end":{"line":111,"column":25}},"54":{"start":{"line":112,"column":6},"end":{"line":112,"column":27}},"55":{"start":{"line":114,"column":25},"end":{"line":114,"column":54}},"56":{"start":{"line":115,"column":6},"end":{"line":117,"column":7}},"57":{"start":{"line":116,"column":8},"end":{"line":116,"column":64}},"58":{"start":{"line":118,"column":6},"end":{"line":118,"column":33}},"59":{"start":{"line":119,"column":6},"end":{"line":119,"column":27}},"60":{"start":{"line":123,"column":23},"end":{"line":136,"column":3}},"61":{"start":{"line":124,"column":4},"end":{"line":134,"column":7}},"62":{"start":{"line":135,"column":4},"end":{"line":135,"column":29}},"63":{"start":{"line":138,"column":21},"end":{"line":141,"column":3}},"64":{"start":{"line":139,"column":4},"end":{"line":139,"column":23}},"65":{"start":{"line":140,"column":4},"end":{"line":140,"column":26}},"66":{"start":{"line":143,"column":2},"end":{"line":253,"column":4}},"67":{"start":{"line":191,"column":14},"end":{"line":191,"column":41}},"68":{"start":{"line":256,"column":0},"end":{"line":256,"column":26}}},"fnMap":{"0":{"name":"(anonymous_8)","decl":{"start":{"line":13,"column":19},"end":{"line":13,"column":22}},"loc":{"start":{"line":13,"column":24},"end":{"line":254,"column":1}}},"1":{"name":"(anonymous_9)","decl":{"start":{"line":31,"column":12},"end":{"line":31,"column":15}},"loc":{"start":{"line":31,"column":17},"end":{"line":44,"column":3}}},"2":{"name":"(anonymous_10)","decl":{"start":{"line":34,"column":12},"end":{"line":34,"column":13}},"loc":{"start":{"line":34,"column":20},"end":{"line":40,"column":7}}},"3":{"name":"(anonymous_11)","decl":{"start":{"line":36,"column":10},"end":{"line":36,"column":11}},"loc":{"start":{"line":37,"column":12},"end":{"line":37,"column":77}}},"4":{"name":"(anonymous_12)","decl":{"start":{"line":41,"column":13},"end":{"line":41,"column":14}},"loc":{"start":{"line":41,"column":21},"end":{"line":43,"column":7}}},"5":{"name":"(anonymous_13)","decl":{"start":{"line":47,"column":12},"end":{"line":47,"column":15}},"loc":{"start":{"line":47,"column":17},"end":{"line":53,"column":3}}},"6":{"name":"(anonymous_14)","decl":{"start":{"line":48,"column":11},"end":{"line":48,"column":14}},"loc":{"start":{"line":48,"column":16},"end":{"line":52,"column":5}}},"7":{"name":"(anonymous_15)","decl":{"start":{"line":55,"column":28},"end":{"line":55,"column":null}},"loc":{"start":{"line":59,"column":6},"end":{"line":65,"column":3}}},"8":{"name":"(anonymous_16)","decl":{"start":{"line":61,"column":17},"end":{"line":61,"column":18}},"loc":{"start":{"line":61,"column":27},"end":{"line":63,"column":null}}},"9":{"name":"(anonymous_17)","decl":{"start":{"line":67,"column":27},"end":{"line":67,"column":28}},"loc":{"start":{"line":67,"column":70},"end":{"line":77,"column":3}}},"10":{"name":"(anonymous_18)","decl":{"start":{"line":71,"column":19},"end":{"line":71,"column":20}},"loc":{"start":{"line":71,"column":29},"end":{"line":73,"column":null}}},"11":{"name":"(anonymous_19)","decl":{"start":{"line":79,"column":23},"end":{"line":79,"column":30}},"loc":{"start":{"line":79,"column":52},"end":{"line":121,"column":4}}},"12":{"name":"(anonymous_20)","decl":{"start":{"line":79,"column":52},"end":{"line":79,"column":null}},"loc":{"start":{"line":79,"column":52},"end":{"line":121,"column":3}}},"13":{"name":"(anonymous_21)","decl":{"start":{"line":123,"column":23},"end":{"line":123,"column":26}},"loc":{"start":{"line":123,"column":28},"end":{"line":136,"column":3}}},"14":{"name":"(anonymous_22)","decl":{"start":{"line":138,"column":21},"end":{"line":138,"column":24}},"loc":{"start":{"line":138,"column":26},"end":{"line":141,"column":3}}},"15":{"name":"(anonymous_23)","decl":{"start":{"line":190,"column":28},"end":{"line":190,"column":29}},"loc":{"start":{"line":191,"column":14},"end":{"line":191,"column":41}}}},"branchMap":{"0":{"loc":{"start":{"line":42,"column":52},"end":{"line":42,"column":77}},"type":"binary-expr","locations":[{"start":{"line":42,"column":52},"end":{"line":42,"column":70}},{"start":{"line":42,"column":74},"end":{"line":42,"column":77}}]},"1":{"loc":{"start":{"line":42,"column":52},"end":{"line":42,"column":70}},"type":"cond-expr","locations":[{"start":{"line":42,"column":64},"end":{"line":42,"column":66}},{"start":{"line":42,"column":64},"end":{"line":42,"column":70}}]},"2":{"loc":{"start":{"line":42,"column":52},"end":{"line":42,"column":66}},"type":"binary-expr","locations":[{"start":{"line":42,"column":52},"end":{"line":42,"column":66}},{"start":{"line":42,"column":64},"end":{"line":42,"column":66}}]},"3":{"loc":{"start":{"line":49,"column":6},"end":{"line":51,"column":7}},"type":"if","locations":[{"start":{"line":49,"column":6},"end":{"line":51,"column":7}}]},"4":{"loc":{"start":{"line":63,"column":14},"end":{"line":63,"column":76}},"type":"cond-expr","locations":[{"start":{"line":63,"column":35},"end":{"line":63,"column":69}},{"start":{"line":63,"column":71},"end":{"line":63,"column":76}}]},"5":{"loc":{"start":{"line":68,"column":4},"end":{"line":68,"column":32}},"type":"if","locations":[{"start":{"line":68,"column":4},"end":{"line":68,"column":32}}]},"6":{"loc":{"start":{"line":70,"column":4},"end":{"line":76,"column":5}},"type":"if","locations":[{"start":{"line":70,"column":4},"end":{"line":76,"column":5}}]},"7":{"loc":{"start":{"line":82,"column":4},"end":{"line":86,"column":5}},"type":"if","locations":[{"start":{"line":82,"column":4},"end":{"line":86,"column":5}}]},"8":{"loc":{"start":{"line":94,"column":4},"end":{"line":96,"column":5}},"type":"if","locations":[{"start":{"line":94,"column":4},"end":{"line":96,"column":5}}]},"9":{"loc":{"start":{"line":115,"column":6},"end":{"line":117,"column":7}},"type":"if","locations":[{"start":{"line":115,"column":6},"end":{"line":117,"column":7}}]},"10":{"loc":{"start":{"line":115,"column":10},"end":{"line":115,"column":59}},"type":"binary-expr","locations":[{"start":{"line":115,"column":10},"end":{"line":115,"column":35}},{"start":{"line":115,"column":39},"end":{"line":115,"column":57}}]},"11":{"loc":{"start":{"line":115,"column":39},"end":{"line":115,"column":57}},"type":"cond-expr","locations":[{"start":{"line":115,"column":51},"end":{"line":115,"column":53}},{"start":{"line":115,"column":51},"end":{"line":115,"column":57}}]},"12":{"loc":{"start":{"line":115,"column":39},"end":{"line":115,"column":53}},"type":"binary-expr","locations":[{"start":{"line":115,"column":39},"end":{"line":115,"column":53}},{"start":{"line":115,"column":51},"end":{"line":115,"column":53}}]},"13":{"loc":{"start":{"line":116,"column":23},"end":{"line":116,"column":63}},"type":"binary-expr","locations":[{"start":{"line":116,"column":23},"end":{"line":116,"column":47}},{"start":{"line":116,"column":51},"end":{"line":116,"column":63}}]},"14":{"loc":{"start":{"line":201,"column":14},"end":{"line":201,"column":null}},"type":"cond-expr","locations":[{"start":{"line":201,"column":32},"end":{"line":201,"column":37}},{"start":{"line":201,"column":40},"end":{"line":201,"column":null}}]},"15":{"loc":{"start":{"line":204,"column":13},"end":{"line":222,"column":null}},"type":"cond-expr","locations":[{"start":{"line":205,"column":14},"end":{"line":213,"column":null}},{"start":{"line":216,"column":14},"end":{"line":221,"column":null}}]},"16":{"loc":{"start":{"line":212,"column":19},"end":{"line":212,"column":43}},"type":"cond-expr","locations":[{"start":{"line":212,"column":37},"end":{"line":212,"column":39}},{"start":{"line":212,"column":37},"end":{"line":212,"column":43}}]},"17":{"loc":{"start":{"line":212,"column":19},"end":{"line":212,"column":39}},"type":"binary-expr","locations":[{"start":{"line":212,"column":19},"end":{"line":212,"column":39}},{"start":{"line":212,"column":37},"end":{"line":212,"column":39}}]},"18":{"loc":{"start":{"line":248,"column":12},"end":{"line":248,"column":74}},"type":"cond-expr","locations":[{"start":{"line":248,"column":24},"end":{"line":248,"column":33}},{"start":{"line":248,"column":36},"end":{"line":248,"column":74}}]}},"s":{"0":1,"1":1,"2":1,"3":1,"4":1,"5":1,"6":1,"7":1,"8":34,"9":34,"10":34,"11":34,"12":34,"13":34,"14":10,"15":9,"16":1,"17":9,"18":1,"19":34,"20":13,"21":13,"22":3,"23":34,"24":8,"25":8,"26":8,"27":34,"28":3,"29":0,"30":3,"31":3,"32":3,"33":3,"34":3,"35":34,"36":4,"37":4,"38":4,"39":2,"40":2,"41":2,"42":2,"43":2,"44":2,"45":2,"46":2,"47":2,"48":2,"49":1,"50":2,"51":2,"52":2,"53":2,"54":2,"55":0,"56":0,"57":0,"58":0,"59":0,"60":34,"61":1,"62":1,"63":34,"64":0,"65":0,"66":34,"67":14,"68":1},"f":{"0":34,"1":10,"2":9,"3":1,"4":1,"5":13,"6":13,"7":8,"8":8,"9":3,"10":3,"11":4,"12":4,"13":1,"14":0,"15":14},"b":{"0":[1,1],"1":[1,0],"2":[1,1],"3":[3],"4":[2,6],"5":[0],"6":[3],"7":[2],"8":[1],"9":[0],"10":[0,0],"11":[0,0],"12":[0,0],"13":[0,0],"14":[5,29],"15":[5,29],"16":[1,4],"17":[5,4],"18":[4,30]}}
,"D:\\Productzilla Academy\\SeviGo\\Frontend\\src\\components\\elements\\modal\\alert\\alert.tsx": {"path":"D:\\Productzilla Academy\\SeviGo\\Frontend\\src\\components\\elements\\modal\\alert\\alert.tsx","statementMap":{"0":{"start":{"line":9,"column":36},"end":{"line":29,"column":1}},"1":{"start":{"line":10,"column":2},"end":{"line":12,"column":3}},"2":{"start":{"line":11,"column":4},"end":{"line":11,"column":16}},"3":{"start":{"line":14,"column":2},"end":{"line":28,"column":4}},"4":{"start":{"line":31,"column":0},"end":{"line":31,"column":21}}},"fnMap":{"0":{"name":"(anonymous_0)","decl":{"start":{"line":9,"column":36},"end":{"line":9,"column":37}},"loc":{"start":{"line":9,"column":69},"end":{"line":29,"column":1}}}},"branchMap":{"0":{"loc":{"start":{"line":10,"column":2},"end":{"line":12,"column":3}},"type":"if","locations":[{"start":{"line":10,"column":2},"end":{"line":12,"column":3}}]}},"s":{"0":2,"1":35,"2":28,"3":7,"4":2},"f":{"0":35},"b":{"0":[28]}}
,"D:\\Productzilla Academy\\SeviGo\\Frontend\\src\\components\\elements\\modal\\button\\button.tsx": {"path":"D:\\Productzilla Academy\\SeviGo\\Frontend\\src\\components\\elements\\modal\\button\\button.tsx","statementMap":{"0":{"start":{"line":11,"column":38},"end":{"line":28,"column":1}},"1":{"start":{"line":18,"column":2},"end":{"line":27,"column":4}},"2":{"start":{"line":30,"column":0},"end":{"line":30,"column":22}}},"fnMap":{"0":{"name":"(anonymous_0)","decl":{"start":{"line":11,"column":38},"end":{"line":11,"column":39}},"loc":{"start":{"line":17,"column":5},"end":{"line":28,"column":1}}}},"branchMap":{"0":{"loc":{"start":{"line":12,"column":2},"end":{"line":12,"column":17}},"type":"default-arg","locations":[{"start":{"line":12,"column":9},"end":{"line":12,"column":17}}]}},"s":{"0":2,"1":72,"2":2},"f":{"0":72},"b":{"0":[3]}}
,"D:\\Productzilla Academy\\SeviGo\\Frontend\\src\\components\\elements\\modal\\input\\TextArea.tsx": {"path":"D:\\Productzilla Academy\\SeviGo\\Frontend\\src\\components\\elements\\modal\\input\\TextArea.tsx","statementMap":{"0":{"start":{"line":10,"column":42},"end":{"line":26,"column":1}},"1":{"start":{"line":16,"column":2},"end":{"line":25,"column":4}},"2":{"start":{"line":28,"column":0},"end":{"line":28,"column":24}}},"fnMap":{"0":{"name":"(anonymous_0)","decl":{"start":{"line":10,"column":42},"end":{"line":10,"column":43}},"loc":{"start":{"line":15,"column":5},"end":{"line":26,"column":1}}}},"branchMap":{},"s":{"0":2,"1":36,"2":2},"f":{"0":36},"b":{}}
,"D:\\Productzilla Academy\\SeviGo\\Frontend\\src\\components\\elements\\modal\\input\\TextInput.tsx": {"path":"D:\\Productzilla Academy\\SeviGo\\Frontend\\src\\components\\elements\\modal\\input\\TextInput.tsx","statementMap":{"0":{"start":{"line":2,"column":0},"end":{"line":2,"column":18}},"1":{"start":{"line":14,"column":44},"end":{"line":41,"column":1}},"2":{"start":{"line":24,"column":2},"end":{"line":40,"column":4}},"3":{"start":{"line":43,"column":0},"end":{"line":43,"column":25}}},"fnMap":{"0":{"name":"(anonymous_0)","decl":{"start":{"line":14,"column":44},"end":{"line":14,"column":45}},"loc":{"start":{"line":23,"column":5},"end":{"line":41,"column":1}}}},"branchMap":{},"s":{"0":2,"1":2,"2":70,"3":2},"f":{"0":70},"b":{}}
}
