{"D:\\Productzilla Academy\\SeviGo\\Frontend\\src\\components\\elements\\forms\\ContentCreateReport.tsx": {"path":"D:\\Productzilla Academy\\SeviGo\\Frontend\\src\\components\\elements\\forms\\ContentCreateReport.tsx","statementMap":{"0":{"start":{"line":1,"column":0},"end":{"line":1,"column":40}},"1":{"start":{"line":2,"column":0},"end":{"line":2,"column":58}},"2":{"start":{"line":3,"column":0},"end":{"line":3,"column":40}},"3":{"start":{"line":4,"column":0},"end":{"line":4,"column":41}},"4":{"start":{"line":5,"column":0},"end":{"line":5,"column":60}},"5":{"start":{"line":6,"column":0},"end":{"line":6,"column":44}},"6":{"start":{"line":15,"column":31},"end":{"line":242,"column":1}},"7":{"start":{"line":16,"column":34},"end":{"line":21,"column":4}},"8":{"start":{"line":22,"column":19},"end":{"line":22,"column":32}},"9":{"start":{"line":23,"column":26},"end":{"line":23,"column":62}},"10":{"start":{"line":24,"column":40},"end":{"line":24,"column":55}},"11":{"start":{"line":25,"column":36},"end":{"line":25,"column":65}},"12":{"start":{"line":26,"column":46},"end":{"line":26,"column":64}},"13":{"start":{"line":27,"column":42},"end":{"line":27,"column":71}},"14":{"start":{"line":28,"column":19},"end":{"line":28,"column":35}},"15":{"start":{"line":30,"column":28},"end":{"line":35,"column":3}},"16":{"start":{"line":33,"column":28},"end":{"line":33,"column":36}},"17":{"start":{"line":34,"column":4},"end":{"line":34,"column":48}},"18":{"start":{"line":37,"column":27},"end":{"line":46,"column":3}},"19":{"start":{"line":38,"column":17},"end":{"line":38,"column":44}},"20":{"start":{"line":39,"column":4},"end":{"line":39,"column":51}},"21":{"start":{"line":40,"column":4},"end":{"line":45,"column":5}},"22":{"start":{"line":41,"column":25},"end":{"line":41,"column":50}},"23":{"start":{"line":42,"column":6},"end":{"line":42,"column":34}},"24":{"start":{"line":44,"column":6},"end":{"line":44,"column":28}},"25":{"start":{"line":48,"column":23},"end":{"line":77,"column":4}},"26":{"start":{"line":48,"column":52},"end":{"line":77,"column":4}},"27":{"start":{"line":49,"column":4},"end":{"line":49,"column":23}},"28":{"start":{"line":51,"column":4},"end":{"line":54,"column":5}},"29":{"start":{"line":52,"column":6},"end":{"line":52,"column":45}},"30":{"start":{"line":53,"column":6},"end":{"line":53,"column":13}},"31":{"start":{"line":56,"column":21},"end":{"line":56,"column":35}},"32":{"start":{"line":57,"column":4},"end":{"line":57,"column":45}},"33":{"start":{"line":58,"column":4},"end":{"line":58,"column":57}},"34":{"start":{"line":59,"column":4},"end":{"line":59,"column":43}},"35":{"start":{"line":60,"column":4},"end":{"line":60,"column":80}},"36":{"start":{"line":60,"column":29},"end":{"line":60,"column":80}},"37":{"start":{"line":61,"column":4},"end":{"line":61,"column":46}},"38":{"start":{"line":62,"column":4},"end":{"line":76,"column":5}},"39":{"start":{"line":63,"column":23},"end":{"line":65,"column":8}},"40":{"start":{"line":66,"column":23},"end":{"line":66,"column":57}},"41":{"start":{"line":67,"column":6},"end":{"line":70,"column":7}},"42":{"start":{"line":68,"column":8},"end":{"line":68,"column":29}},"43":{"start":{"line":69,"column":8},"end":{"line":69,"column":58}},"44":{"start":{"line":71,"column":6},"end":{"line":73,"column":7}},"45":{"start":{"line":72,"column":8},"end":{"line":72,"column":29}},"46":{"start":{"line":75,"column":6},"end":{"line":75,"column":46}},"47":{"start":{"line":78,"column":29},"end":{"line":80,"column":3}},"48":{"start":{"line":79,"column":4},"end":{"line":79,"column":38}},"49":{"start":{"line":82,"column":21},"end":{"line":86,"column":3}},"50":{"start":{"line":83,"column":4},"end":{"line":83,"column":23}},"51":{"start":{"line":84,"column":4},"end":{"line":84,"column":26}},"52":{"start":{"line":85,"column":4},"end":{"line":85,"column":17}},"53":{"start":{"line":87,"column":2},"end":{"line":241,"column":4}},"54":{"start":{"line":217,"column":33},"end":{"line":217,"column":45}},"55":{"start":{"line":244,"column":0},"end":{"line":244,"column":28}}},"fnMap":{"0":{"name":"(anonymous_8)","decl":{"start":{"line":15,"column":31},"end":{"line":15,"column":34}},"loc":{"start":{"line":15,"column":36},"end":{"line":242,"column":1}}},"1":{"name":"(anonymous_9)","decl":{"start":{"line":30,"column":28},"end":{"line":30,"column":null}},"loc":{"start":{"line":32,"column":6},"end":{"line":35,"column":3}}},"2":{"name":"(anonymous_10)","decl":{"start":{"line":37,"column":27},"end":{"line":37,"column":28}},"loc":{"start":{"line":37,"column":70},"end":{"line":46,"column":3}}},"3":{"name":"(anonymous_11)","decl":{"start":{"line":48,"column":23},"end":{"line":48,"column":30}},"loc":{"start":{"line":48,"column":52},"end":{"line":77,"column":4}}},"4":{"name":"(anonymous_12)","decl":{"start":{"line":48,"column":52},"end":{"line":48,"column":null}},"loc":{"start":{"line":48,"column":52},"end":{"line":77,"column":3}}},"5":{"name":"(anonymous_13)","decl":{"start":{"line":78,"column":29},"end":{"line":78,"column":30}},"loc":{"start":{"line":78,"column":73},"end":{"line":80,"column":3}}},"6":{"name":"(anonymous_14)","decl":{"start":{"line":82,"column":21},"end":{"line":82,"column":24}},"loc":{"start":{"line":82,"column":26},"end":{"line":86,"column":3}}},"7":{"name":"(anonymous_15)","decl":{"start":{"line":217,"column":27},"end":{"line":217,"column":30}},"loc":{"start":{"line":217,"column":33},"end":{"line":217,"column":45}}}},"branchMap":{"0":{"loc":{"start":{"line":38,"column":17},"end":{"line":38,"column":44}},"type":"binary-expr","locations":[{"start":{"line":38,"column":17},"end":{"line":38,"column":36}},{"start":{"line":38,"column":40},"end":{"line":38,"column":44}}]},"1":{"loc":{"start":{"line":38,"column":17},"end":{"line":38,"column":36}},"type":"cond-expr","locations":[{"start":{"line":38,"column":31},"end":{"line":38,"column":34}},{"start":{"line":38,"column":31},"end":{"line":38,"column":36}}]},"2":{"loc":{"start":{"line":38,"column":17},"end":{"line":38,"column":34}},"type":"binary-expr","locations":[{"start":{"line":38,"column":17},"end":{"line":38,"column":34}},{"start":{"line":38,"column":31},"end":{"line":38,"column":34}}]},"3":{"loc":{"start":{"line":40,"column":4},"end":{"line":45,"column":5}},"type":"if","locations":[{"start":{"line":40,"column":4},"end":{"line":45,"column":5}},{"start":{"line":43,"column":11},"end":{"line":45,"column":5}}]},"4":{"loc":{"start":{"line":51,"column":4},"end":{"line":54,"column":5}},"type":"if","locations":[{"start":{"line":51,"column":4},"end":{"line":54,"column":5}}]},"5":{"loc":{"start":{"line":60,"column":4},"end":{"line":60,"column":80}},"type":"if","locations":[{"start":{"line":60,"column":4},"end":{"line":60,"column":80}}]},"6":{"loc":{"start":{"line":64,"column":8},"end":{"line":64,"column":null}},"type":"cond-expr","locations":[{"start":{"line":64,"column":38},"end":{"line":64,"column":47}},{"start":{"line":64,"column":50},"end":{"line":64,"column":null}}]},"7":{"loc":{"start":{"line":67,"column":6},"end":{"line":70,"column":7}},"type":"if","locations":[{"start":{"line":67,"column":6},"end":{"line":70,"column":7}}]},"8":{"loc":{"start":{"line":71,"column":6},"end":{"line":73,"column":7}},"type":"if","locations":[{"start":{"line":71,"column":6},"end":{"line":73,"column":7}}]},"9":{"loc":{"start":{"line":189,"column":21},"end":{"line":207,"column":null}},"type":"cond-expr","locations":[{"start":{"line":191,"column":22},"end":{"line":194,"column":null}},{"start":{"line":198,"column":22},"end":{"line":206,"column":null}}]},"10":{"loc":{"start":{"line":232,"column":27},"end":{"line":232,"column":77}},"type":"cond-expr","locations":[{"start":{"line":232,"column":39},"end":{"line":232,"column":48}},{"start":{"line":232,"column":51},"end":{"line":232,"column":77}}]}},"s":{"0":1,"1":1,"2":1,"3":1,"4":1,"5":1,"6":1,"7":20,"8":19,"9":19,"10":19,"11":19,"12":19,"13":19,"14":19,"15":19,"16":9,"17":9,"18":19,"19":2,"20":2,"21":2,"22":1,"23":1,"24":1,"25":19,"26":2,"27":2,"28":2,"29":1,"30":1,"31":1,"32":1,"33":1,"34":1,"35":1,"36":0,"37":1,"38":1,"39":1,"40":1,"41":1,"42":1,"43":1,"44":0,"45":0,"46":0,"47":19,"48":1,"49":19,"50":0,"51":0,"52":0,"53":19,"54":0,"55":1},"f":{"0":20,"1":9,"2":2,"3":2,"4":2,"5":1,"6":0,"7":0},"b":{"0":[2,1],"1":[0,2],"2":[2,2],"3":[1,1],"4":[1],"5":[0],"6":[0,1],"7":[1],"8":[0],"9":[1,18],"10":[0,19]}}
,"D:\\Productzilla Academy\\SeviGo\\Frontend\\src\\components\\elements\\forms\\formReport.tsx": {"path":"D:\\Productzilla Academy\\SeviGo\\Frontend\\src\\components\\elements\\forms\\formReport.tsx","statementMap":{"0":{"start":{"line":1,"column":0},"end":{"line":1,"column":44}},"1":{"start":{"line":2,"column":0},"end":{"line":2,"column":49}},"2":{"start":{"line":3,"column":0},"end":{"line":3,"column":47}},"3":{"start":{"line":4,"column":0},"end":{"line":4,"column":41}},"4":{"start":{"line":5,"column":0},"end":{"line":5,"column":44}},"5":{"start":{"line":6,"column":0},"end":{"line":6,"column":40}},"6":{"start":{"line":9,"column":0},"end":{"line":9,"column":35}},"7":{"start":{"line":13,"column":19},"end":{"line":255,"column":1}},"8":{"start":{"line":14,"column":38},"end":{"line":14,"column":62}},"9":{"start":{"line":15,"column":40},"end":{"line":15,"column":55}},"10":{"start":{"line":16,"column":36},"end":{"line":16,"column":65}},"11":{"start":{"line":17,"column":48},"end":{"line":17,"column":77}},"12":{"start":{"line":18,"column":36},"end":{"line":28,"column":4}},"13":{"start":{"line":31,"column":2},"end":{"line":44,"column":9}},"14":{"start":{"line":32,"column":4},"end":{"line":43,"column":9}},"15":{"start":{"line":35,"column":33},"end":{"line":37,"column":null}},"16":{"start":{"line":37,"column":12},"end":{"line":37,"column":77}},"17":{"start":{"line":39,"column":8},"end":{"line":39,"column":40}},"18":{"start":{"line":42,"column":8},"end":{"line":42,"column":77}},"19":{"start":{"line":47,"column":2},"end":{"line":53,"column":24}},"20":{"start":{"line":48,"column":4},"end":{"line":52,"column":6}},"21":{"start":{"line":49,"column":6},"end":{"line":51,"column":7}},"22":{"start":{"line":50,"column":8},"end":{"line":50,"column":45}},"23":{"start":{"line":55,"column":28},"end":{"line":65,"column":3}},"24":{"start":{"line":60,"column":28},"end":{"line":60,"column":36}},"25":{"start":{"line":61,"column":4},"end":{"line":64,"column":8}},"26":{"start":{"line":61,"column":27},"end":{"line":63,"column":null}},"27":{"start":{"line":67,"column":27},"end":{"line":77,"column":3}},"28":{"start":{"line":68,"column":4},"end":{"line":68,"column":32}},"29":{"start":{"line":68,"column":25},"end":{"line":68,"column":32}},"30":{"start":{"line":69,"column":17},"end":{"line":69,"column":34}},"31":{"start":{"line":70,"column":4},"end":{"line":76,"column":5}},"32":{"start":{"line":71,"column":6},"end":{"line":74,"column":10}},"33":{"start":{"line":71,"column":29},"end":{"line":73,"column":null}},"34":{"start":{"line":75,"column":6},"end":{"line":75,"column":52}},"35":{"start":{"line":79,"column":23},"end":{"line":121,"column":4}},"36":{"start":{"line":79,"column":52},"end":{"line":121,"column":4}},"37":{"start":{"line":80,"column":4},"end":{"line":80,"column":23}},"38":{"start":{"line":82,"column":4},"end":{"line":86,"column":5}},"39":{"start":{"line":83,"column":6},"end":{"line":83,"column":47}},"40":{"start":{"line":84,"column":6},"end":{"line":84,"column":27}},"41":{"start":{"line":85,"column":6},"end":{"line":85,"column":13}},"42":{"start":{"line":88,"column":24},"end":{"line":88,"column":38}},"43":{"start":{"line":89,"column":4},"end":{"line":89,"column":49}},"44":{"start":{"line":90,"column":4},"end":{"line":90,"column":53}},"45":{"start":{"line":91,"column":4},"end":{"line":91,"column":59}},"46":{"start":{"line":92,"column":4},"end":{"line":92,"column":55}},"47":{"start":{"line":93,"column":4},"end":{"line":93,"column":59}},"48":{"start":{"line":94,"column":4},"end":{"line":96,"column":5}},"49":{"start":{"line":95,"column":6},"end":{"line":95,"column":57}},"50":{"start":{"line":98,"column":4},"end":{"line":120,"column":5}},"51":{"start":{"line":99,"column":6},"end":{"line":99,"column":43}},"52":{"start":{"line":100,"column":6},"end":{"line":110,"column":9}},"53":{"start":{"line":111,"column":6},"end":{"line":111,"column":25}},"54":{"start":{"line":112,"column":6},"end":{"line":112,"column":27}},"55":{"start":{"line":114,"column":25},"end":{"line":114,"column":53}},"56":{"start":{"line":115,"column":6},"end":{"line":117,"column":7}},"57":{"start":{"line":116,"column":8},"end":{"line":116,"column":64}},"58":{"start":{"line":118,"column":6},"end":{"line":118,"column":33}},"59":{"start":{"line":119,"column":6},"end":{"line":119,"column":27}},"60":{"start":{"line":123,"column":23},"end":{"line":136,"column":3}},"61":{"start":{"line":124,"column":4},"end":{"line":134,"column":7}},"62":{"start":{"line":135,"column":4},"end":{"line":135,"column":29}},"63":{"start":{"line":138,"column":21},"end":{"line":141,"column":3}},"64":{"start":{"line":139,"column":4},"end":{"line":139,"column":23}},"65":{"start":{"line":140,"column":4},"end":{"line":140,"column":26}},"66":{"start":{"line":143,"column":2},"end":{"line":254,"column":4}},"67":{"start":{"line":192,"column":14},"end":{"line":192,"column":41}},"68":{"start":{"line":257,"column":0},"end":{"line":257,"column":26}}},"fnMap":{"0":{"name":"(anonymous_8)","decl":{"start":{"line":13,"column":19},"end":{"line":13,"column":22}},"loc":{"start":{"line":13,"column":24},"end":{"line":255,"column":1}}},"1":{"name":"(anonymous_9)","decl":{"start":{"line":31,"column":12},"end":{"line":31,"column":15}},"loc":{"start":{"line":31,"column":17},"end":{"line":44,"column":3}}},"2":{"name":"(anonymous_10)","decl":{"start":{"line":34,"column":12},"end":{"line":34,"column":13}},"loc":{"start":{"line":34,"column":20},"end":{"line":40,"column":7}}},"3":{"name":"(anonymous_11)","decl":{"start":{"line":36,"column":10},"end":{"line":36,"column":11}},"loc":{"start":{"line":37,"column":12},"end":{"line":37,"column":77}}},"4":{"name":"(anonymous_12)","decl":{"start":{"line":41,"column":13},"end":{"line":41,"column":14}},"loc":{"start":{"line":41,"column":21},"end":{"line":43,"column":7}}},"5":{"name":"(anonymous_13)","decl":{"start":{"line":47,"column":12},"end":{"line":47,"column":15}},"loc":{"start":{"line":47,"column":17},"end":{"line":53,"column":3}}},"6":{"name":"(anonymous_14)","decl":{"start":{"line":48,"column":11},"end":{"line":48,"column":14}},"loc":{"start":{"line":48,"column":16},"end":{"line":52,"column":5}}},"7":{"name":"(anonymous_15)","decl":{"start":{"line":55,"column":28},"end":{"line":55,"column":null}},"loc":{"start":{"line":59,"column":6},"end":{"line":65,"column":3}}},"8":{"name":"(anonymous_16)","decl":{"start":{"line":61,"column":17},"end":{"line":61,"column":18}},"loc":{"start":{"line":61,"column":27},"end":{"line":63,"column":null}}},"9":{"name":"(anonymous_17)","decl":{"start":{"line":67,"column":27},"end":{"line":67,"column":28}},"loc":{"start":{"line":67,"column":70},"end":{"line":77,"column":3}}},"10":{"name":"(anonymous_18)","decl":{"start":{"line":71,"column":19},"end":{"line":71,"column":20}},"loc":{"start":{"line":71,"column":29},"end":{"line":73,"column":null}}},"11":{"name":"(anonymous_19)","decl":{"start":{"line":79,"column":23},"end":{"line":79,"column":30}},"loc":{"start":{"line":79,"column":52},"end":{"line":121,"column":4}}},"12":{"name":"(anonymous_20)","decl":{"start":{"line":79,"column":52},"end":{"line":79,"column":null}},"loc":{"start":{"line":79,"column":52},"end":{"line":121,"column":3}}},"13":{"name":"(anonymous_21)","decl":{"start":{"line":123,"column":23},"end":{"line":123,"column":26}},"loc":{"start":{"line":123,"column":28},"end":{"line":136,"column":3}}},"14":{"name":"(anonymous_22)","decl":{"start":{"line":138,"column":21},"end":{"line":138,"column":24}},"loc":{"start":{"line":138,"column":26},"end":{"line":141,"column":3}}},"15":{"name":"(anonymous_23)","decl":{"start":{"line":191,"column":28},"end":{"line":191,"column":29}},"loc":{"start":{"line":192,"column":14},"end":{"line":192,"column":41}}}},"branchMap":{"0":{"loc":{"start":{"line":42,"column":50},"end":{"line":42,"column":75}},"type":"binary-expr","locations":[{"start":{"line":42,"column":50},"end":{"line":42,"column":68}},{"start":{"line":42,"column":72},"end":{"line":42,"column":75}}]},"1":{"loc":{"start":{"line":42,"column":50},"end":{"line":42,"column":68}},"type":"cond-expr","locations":[{"start":{"line":42,"column":62},"end":{"line":42,"column":64}},{"start":{"line":42,"column":62},"end":{"line":42,"column":68}}]},"2":{"loc":{"start":{"line":42,"column":50},"end":{"line":42,"column":64}},"type":"binary-expr","locations":[{"start":{"line":42,"column":50},"end":{"line":42,"column":64}},{"start":{"line":42,"column":62},"end":{"line":42,"column":64}}]},"3":{"loc":{"start":{"line":49,"column":6},"end":{"line":51,"column":7}},"type":"if","locations":[{"start":{"line":49,"column":6},"end":{"line":51,"column":7}}]},"4":{"loc":{"start":{"line":63,"column":14},"end":{"line":63,"column":76}},"type":"cond-expr","locations":[{"start":{"line":63,"column":35},"end":{"line":63,"column":69}},{"start":{"line":63,"column":71},"end":{"line":63,"column":76}}]},"5":{"loc":{"start":{"line":68,"column":4},"end":{"line":68,"column":32}},"type":"if","locations":[{"start":{"line":68,"column":4},"end":{"line":68,"column":32}}]},"6":{"loc":{"start":{"line":70,"column":4},"end":{"line":76,"column":5}},"type":"if","locations":[{"start":{"line":70,"column":4},"end":{"line":76,"column":5}}]},"7":{"loc":{"start":{"line":82,"column":4},"end":{"line":86,"column":5}},"type":"if","locations":[{"start":{"line":82,"column":4},"end":{"line":86,"column":5}}]},"8":{"loc":{"start":{"line":94,"column":4},"end":{"line":96,"column":5}},"type":"if","locations":[{"start":{"line":94,"column":4},"end":{"line":96,"column":5}}]},"9":{"loc":{"start":{"line":115,"column":6},"end":{"line":117,"column":7}},"type":"if","locations":[{"start":{"line":115,"column":6},"end":{"line":117,"column":7}}]},"10":{"loc":{"start":{"line":115,"column":10},"end":{"line":115,"column":59}},"type":"binary-expr","locations":[{"start":{"line":115,"column":10},"end":{"line":115,"column":35}},{"start":{"line":115,"column":39},"end":{"line":115,"column":57}}]},"11":{"loc":{"start":{"line":115,"column":39},"end":{"line":115,"column":57}},"type":"cond-expr","locations":[{"start":{"line":115,"column":51},"end":{"line":115,"column":53}},{"start":{"line":115,"column":51},"end":{"line":115,"column":57}}]},"12":{"loc":{"start":{"line":115,"column":39},"end":{"line":115,"column":53}},"type":"binary-expr","locations":[{"start":{"line":115,"column":39},"end":{"line":115,"column":53}},{"start":{"line":115,"column":51},"end":{"line":115,"column":53}}]},"13":{"loc":{"start":{"line":116,"column":23},"end":{"line":116,"column":63}},"type":"binary-expr","locations":[{"start":{"line":116,"column":23},"end":{"line":116,"column":47}},{"start":{"line":116,"column":51},"end":{"line":116,"column":63}}]},"14":{"loc":{"start":{"line":202,"column":14},"end":{"line":202,"column":null}},"type":"cond-expr","locations":[{"start":{"line":202,"column":32},"end":{"line":202,"column":37}},{"start":{"line":202,"column":40},"end":{"line":202,"column":null}}]},"15":{"loc":{"start":{"line":205,"column":13},"end":{"line":223,"column":null}},"type":"cond-expr","locations":[{"start":{"line":206,"column":14},"end":{"line":214,"column":null}},{"start":{"line":217,"column":14},"end":{"line":222,"column":null}}]},"16":{"loc":{"start":{"line":213,"column":19},"end":{"line":213,"column":43}},"type":"cond-expr","locations":[{"start":{"line":213,"column":37},"end":{"line":213,"column":39}},{"start":{"line":213,"column":37},"end":{"line":213,"column":43}}]},"17":{"loc":{"start":{"line":213,"column":19},"end":{"line":213,"column":39}},"type":"binary-expr","locations":[{"start":{"line":213,"column":19},"end":{"line":213,"column":39}},{"start":{"line":213,"column":37},"end":{"line":213,"column":39}}]},"18":{"loc":{"start":{"line":249,"column":12},"end":{"line":249,"column":74}},"type":"cond-expr","locations":[{"start":{"line":249,"column":24},"end":{"line":249,"column":33}},{"start":{"line":249,"column":36},"end":{"line":249,"column":74}}]}},"s":{"0":1,"1":1,"2":1,"3":1,"4":1,"5":1,"6":1,"7":1,"8":35,"9":35,"10":35,"11":35,"12":35,"13":35,"14":10,"15":9,"16":1,"17":9,"18":1,"19":35,"20":13,"21":13,"22":3,"23":35,"24":8,"25":8,"26":8,"27":35,"28":3,"29":0,"30":3,"31":3,"32":3,"33":3,"34":3,"35":35,"36":4,"37":4,"38":4,"39":2,"40":2,"41":2,"42":2,"43":2,"44":2,"45":2,"46":2,"47":2,"48":2,"49":1,"50":2,"51":2,"52":2,"53":2,"54":2,"55":0,"56":0,"57":0,"58":0,"59":0,"60":35,"61":1,"62":1,"63":35,"64":1,"65":1,"66":35,"67":14,"68":1},"f":{"0":35,"1":10,"2":9,"3":1,"4":1,"5":13,"6":13,"7":8,"8":8,"9":3,"10":3,"11":4,"12":4,"13":1,"14":1,"15":14},"b":{"0":[1,1],"1":[1,0],"2":[1,1],"3":[3],"4":[2,6],"5":[0],"6":[3],"7":[2],"8":[1],"9":[0],"10":[0,0],"11":[0,0],"12":[0,0],"13":[0,0],"14":[5,30],"15":[5,30],"16":[1,4],"17":[5,4],"18":[4,31]}}
,"D:\\Productzilla Academy\\SeviGo\\Frontend\\src\\components\\elements\\modal\\alert\\alert.tsx": {"path":"D:\\Productzilla Academy\\SeviGo\\Frontend\\src\\components\\elements\\modal\\alert\\alert.tsx","statementMap":{"0":{"start":{"line":10,"column":36},"end":{"line":38,"column":1}},"1":{"start":{"line":16,"column":2},"end":{"line":18,"column":3}},"2":{"start":{"line":17,"column":4},"end":{"line":17,"column":16}},"3":{"start":{"line":20,"column":2},"end":{"line":37,"column":4}},"4":{"start":{"line":40,"column":0},"end":{"line":40,"column":21}}},"fnMap":{"0":{"name":"(anonymous_0)","decl":{"start":{"line":10,"column":36},"end":{"line":10,"column":37}},"loc":{"start":{"line":15,"column":5},"end":{"line":38,"column":1}}}},"branchMap":{"0":{"loc":{"start":{"line":16,"column":2},"end":{"line":18,"column":3}},"type":"if","locations":[{"start":{"line":16,"column":2},"end":{"line":18,"column":3}}]}},"s":{"0":3,"1":55,"2":47,"3":8,"4":3},"f":{"0":55},"b":{"0":[47]}}
,"D:\\Productzilla Academy\\SeviGo\\Frontend\\src\\components\\elements\\modal\\button\\button.tsx": {"path":"D:\\Productzilla Academy\\SeviGo\\Frontend\\src\\components\\elements\\modal\\button\\button.tsx","statementMap":{"0":{"start":{"line":12,"column":38},"end":{"line":31,"column":1}},"1":{"start":{"line":20,"column":2},"end":{"line":30,"column":4}},"2":{"start":{"line":33,"column":0},"end":{"line":33,"column":22}}},"fnMap":{"0":{"name":"(anonymous_0)","decl":{"start":{"line":12,"column":38},"end":{"line":12,"column":39}},"loc":{"start":{"line":19,"column":5},"end":{"line":31,"column":1}}}},"branchMap":{"0":{"loc":{"start":{"line":13,"column":2},"end":{"line":13,"column":17}},"type":"default-arg","locations":[{"start":{"line":13,"column":9},"end":{"line":13,"column":17}}]}},"s":{"0":4,"1":107,"2":4},"f":{"0":107},"b":{"0":[17]}}
,"D:\\Productzilla Academy\\SeviGo\\Frontend\\src\\components\\elements\\modal\\input\\TextArea.tsx": {"path":"D:\\Productzilla Academy\\SeviGo\\Frontend\\src\\components\\elements\\modal\\input\\TextArea.tsx","statementMap":{"0":{"start":{"line":10,"column":42},"end":{"line":26,"column":1}},"1":{"start":{"line":16,"column":2},"end":{"line":25,"column":4}},"2":{"start":{"line":28,"column":0},"end":{"line":28,"column":24}}},"fnMap":{"0":{"name":"(anonymous_0)","decl":{"start":{"line":10,"column":42},"end":{"line":10,"column":43}},"loc":{"start":{"line":15,"column":5},"end":{"line":26,"column":1}}}},"branchMap":{},"s":{"0":2,"1":37,"2":2},"f":{"0":37},"b":{}}
,"D:\\Productzilla Academy\\SeviGo\\Frontend\\src\\components\\elements\\modal\\input\\TextInput.tsx": {"path":"D:\\Productzilla Academy\\SeviGo\\Frontend\\src\\components\\elements\\modal\\input\\TextInput.tsx","statementMap":{"0":{"start":{"line":2,"column":0},"end":{"line":2,"column":18}},"1":{"start":{"line":14,"column":44},"end":{"line":41,"column":1}},"2":{"start":{"line":24,"column":2},"end":{"line":40,"column":4}},"3":{"start":{"line":43,"column":0},"end":{"line":43,"column":25}}},"fnMap":{"0":{"name":"(anonymous_0)","decl":{"start":{"line":14,"column":44},"end":{"line":14,"column":45}},"loc":{"start":{"line":23,"column":5},"end":{"line":41,"column":1}}}},"branchMap":{},"s":{"0":2,"1":2,"2":72,"3":2},"f":{"0":72},"b":{}}
,"D:\\Productzilla Academy\\SeviGo\\Frontend\\src\\components\\elements\\table\\admin\\userTable.tsx": {"path":"D:\\Productzilla Academy\\SeviGo\\Frontend\\src\\components\\elements\\table\\admin\\userTable.tsx","statementMap":{"0":{"start":{"line":1,"column":0},"end":{"line":1,"column":64}},"1":{"start":{"line":2,"column":0},"end":{"line":2,"column":43}},"2":{"start":{"line":4,"column":0},"end":{"line":4,"column":47}},"3":{"start":{"line":6,"column":24},"end":{"line":139,"column":1}},"4":{"start":{"line":7,"column":26},"end":{"line":7,"column":54}},"5":{"start":{"line":8,"column":44},"end":{"line":8,"column":72}},"6":{"start":{"line":9,"column":38},"end":{"line":9,"column":50}},"7":{"start":{"line":10,"column":32},"end":{"line":10,"column":55}},"8":{"start":{"line":12,"column":2},"end":{"line":27,"column":9}},"9":{"start":{"line":13,"column":23},"end":{"line":25,"column":6}},"10":{"start":{"line":13,"column":34},"end":{"line":25,"column":6}},"11":{"start":{"line":14,"column":6},"end":{"line":14,"column":23}},"12":{"start":{"line":15,"column":6},"end":{"line":24,"column":7}},"13":{"start":{"line":16,"column":25},"end":{"line":16,"column":48}},"14":{"start":{"line":17,"column":42},"end":{"line":17,"column":60}},"15":{"start":{"line":18,"column":8},"end":{"line":18,"column":27}},"16":{"start":{"line":19,"column":8},"end":{"line":19,"column":36}},"17":{"start":{"line":21,"column":8},"end":{"line":21,"column":53}},"18":{"start":{"line":23,"column":8},"end":{"line":23,"column":26}},"19":{"start":{"line":26,"column":4},"end":{"line":26,"column":17}},"20":{"start":{"line":30,"column":25},"end":{"line":49,"column":4}},"21":{"start":{"line":30,"column":71},"end":{"line":49,"column":4}},"22":{"start":{"line":31,"column":4},"end":{"line":31,"column":24}},"23":{"start":{"line":31,"column":17},"end":{"line":31,"column":24}},"24":{"start":{"line":32,"column":4},"end":{"line":48,"column":5}},"25":{"start":{"line":33,"column":6},"end":{"line":35,"column":9}},"26":{"start":{"line":36,"column":6},"end":{"line":40,"column":8}},"27":{"start":{"line":37,"column":8},"end":{"line":38,"column":null}},"28":{"start":{"line":38,"column":10},"end":{"line":38,"column":76}},"29":{"start":{"line":41,"column":6},"end":{"line":45,"column":8}},"30":{"start":{"line":42,"column":8},"end":{"line":43,"column":null}},"31":{"start":{"line":43,"column":10},"end":{"line":43,"column":76}},"32":{"start":{"line":47,"column":6},"end":{"line":47,"column":42}},"33":{"start":{"line":52,"column":23},"end":{"line":65,"column":null}},"34":{"start":{"line":54,"column":19},"end":{"line":54,"column":37}},"35":{"start":{"line":55,"column":6},"end":{"line":55,"column":26}},"36":{"start":{"line":57,"column":23},"end":{"line":61,"column":null}},"37":{"start":{"line":59,"column":10},"end":{"line":61,"column":63}},"38":{"start":{"line":63,"column":6},"end":{"line":63,"column":33}},"39":{"start":{"line":68,"column":2},"end":{"line":68,"column":44}},"40":{"start":{"line":68,"column":15},"end":{"line":68,"column":44}},"41":{"start":{"line":70,"column":2},"end":{"line":138,"column":4}},"42":{"start":{"line":98,"column":16},"end":{"line":98,"column":35}},"43":{"start":{"line":116,"column":37},"end":{"line":116,"column":79}},"44":{"start":{"line":141,"column":0},"end":{"line":141,"column":21}}},"fnMap":{"0":{"name":"(anonymous_8)","decl":{"start":{"line":6,"column":24},"end":{"line":6,"column":27}},"loc":{"start":{"line":6,"column":29},"end":{"line":139,"column":1}}},"1":{"name":"(anonymous_9)","decl":{"start":{"line":12,"column":12},"end":{"line":12,"column":15}},"loc":{"start":{"line":12,"column":17},"end":{"line":27,"column":3}}},"2":{"name":"(anonymous_10)","decl":{"start":{"line":13,"column":23},"end":{"line":13,"column":32}},"loc":{"start":{"line":13,"column":34},"end":{"line":25,"column":6}}},"3":{"name":"(anonymous_11)","decl":{"start":{"line":13,"column":34},"end":{"line":13,"column":null}},"loc":{"start":{"line":13,"column":34},"end":{"line":25,"column":5}}},"4":{"name":"(anonymous_12)","decl":{"start":{"line":30,"column":25},"end":{"line":30,"column":32}},"loc":{"start":{"line":30,"column":71},"end":{"line":49,"column":4}}},"5":{"name":"(anonymous_13)","decl":{"start":{"line":30,"column":71},"end":{"line":30,"column":null}},"loc":{"start":{"line":30,"column":71},"end":{"line":49,"column":3}}},"6":{"name":"(anonymous_14)","decl":{"start":{"line":36,"column":14},"end":{"line":36,"column":15}},"loc":{"start":{"line":37,"column":8},"end":{"line":38,"column":null}}},"7":{"name":"(anonymous_15)","decl":{"start":{"line":37,"column":21},"end":{"line":37,"column":22}},"loc":{"start":{"line":38,"column":10},"end":{"line":38,"column":76}}},"8":{"name":"(anonymous_16)","decl":{"start":{"line":41,"column":23},"end":{"line":41,"column":24}},"loc":{"start":{"line":42,"column":8},"end":{"line":43,"column":null}}},"9":{"name":"(anonymous_17)","decl":{"start":{"line":42,"column":17},"end":{"line":42,"column":18}},"loc":{"start":{"line":43,"column":10},"end":{"line":43,"column":76}}},"10":{"name":"(anonymous_18)","decl":{"start":{"line":53,"column":4},"end":{"line":53,"column":5}},"loc":{"start":{"line":53,"column":51},"end":{"line":64,"column":5}}},"11":{"name":"(anonymous_19)","decl":{"start":{"line":58,"column":8},"end":{"line":58,"column":9}},"loc":{"start":{"line":59,"column":10},"end":{"line":61,"column":63}}},"12":{"name":"(anonymous_20)","decl":{"start":{"line":97,"column":32},"end":{"line":97,"column":33}},"loc":{"start":{"line":98,"column":16},"end":{"line":98,"column":35}}},"13":{"name":"(anonymous_21)","decl":{"start":{"line":116,"column":31},"end":{"line":116,"column":34}},"loc":{"start":{"line":116,"column":37},"end":{"line":116,"column":79}}}},"branchMap":{"0":{"loc":{"start":{"line":31,"column":4},"end":{"line":31,"column":24}},"type":"if","locations":[{"start":{"line":31,"column":4},"end":{"line":31,"column":24}}]},"1":{"loc":{"start":{"line":38,"column":10},"end":{"line":38,"column":76}},"type":"cond-expr","locations":[{"start":{"line":38,"column":31},"end":{"line":38,"column":70}},{"start":{"line":38,"column":72},"end":{"line":38,"column":76}}]},"2":{"loc":{"start":{"line":43,"column":10},"end":{"line":43,"column":76}},"type":"cond-expr","locations":[{"start":{"line":43,"column":31},"end":{"line":43,"column":70}},{"start":{"line":43,"column":72},"end":{"line":43,"column":76}}]},"3":{"loc":{"start":{"line":59,"column":10},"end":{"line":61,"column":63}},"type":"binary-expr","locations":[{"start":{"line":59,"column":10},"end":{"line":59,"column":62}},{"start":{"line":60,"column":10},"end":{"line":60,"column":33}},{"start":{"line":61,"column":10},"end":{"line":61,"column":63}}]},"4":{"loc":{"start":{"line":68,"column":2},"end":{"line":68,"column":44}},"type":"if","locations":[{"start":{"line":68,"column":2},"end":{"line":68,"column":44}}]},"5":{"loc":{"start":{"line":96,"column":13},"end":{"line":132,"column":null}},"type":"cond-expr","locations":[{"start":{"line":97,"column":14},"end":{"line":126,"column":16}},{"start":{"line":128,"column":14},"end":{"line":131,"column":null}}]},"6":{"loc":{"start":{"line":106,"column":24},"end":{"line":106,"column":null}},"type":"cond-expr","locations":[{"start":{"line":106,"column":43},"end":{"line":106,"column":57}},{"start":{"line":106,"column":60},"end":{"line":106,"column":null}}]},"7":{"loc":{"start":{"line":110,"column":23},"end":{"line":110,"column":67}},"type":"cond-expr","locations":[{"start":{"line":110,"column":42},"end":{"line":110,"column":52}},{"start":{"line":110,"column":55},"end":{"line":110,"column":67}}]},"8":{"loc":{"start":{"line":118,"column":24},"end":{"line":118,"column":null}},"type":"binary-expr","locations":[{"start":{"line":118,"column":24},"end":{"line":118,"column":40}},{"start":{"line":118,"column":44},"end":{"line":118,"column":null}}]}},"s":{"0":1,"1":1,"2":1,"3":1,"4":13,"5":13,"6":13,"7":13,"8":13,"9":5,"10":5,"11":5,"12":5,"13":5,"14":5,"15":5,"16":5,"17":0,"18":5,"19":5,"20":13,"21":2,"22":2,"23":0,"24":2,"25":2,"26":1,"27":1,"28":2,"29":1,"30":1,"31":2,"32":1,"33":13,"34":2,"35":2,"36":2,"37":4,"38":2,"39":13,"40":5,"41":8,"42":13,"43":2,"44":1},"f":{"0":13,"1":5,"2":5,"3":5,"4":2,"5":2,"6":1,"7":2,"8":1,"9":2,"10":2,"11":4,"12":13,"13":2},"b":{"0":[0],"1":[1,1],"2":[1,1],"3":[4,3,3],"4":[5],"5":[7,1],"6":[7,6],"7":[7,6],"8":[13,7]}}
}
