TN:
SF:src\components\elements\forms\formReport.tsx
FN:13,(anonymous_8)
FN:31,(anonymous_9)
FN:34,(anonymous_10)
FN:36,(anonymous_11)
FN:41,(anonymous_12)
FN:47,(anonymous_13)
FN:48,(anonymous_14)
FN:55,(anonymous_15)
FN:61,(anonymous_16)
FN:67,(anonymous_17)
FN:71,(anonymous_18)
FN:79,(anonymous_19)
FN:79,(anonymous_20)
FN:123,(anonymous_21)
FN:138,(anonymous_22)
FN:191,(anonymous_23)
FNF:16
FNH:16
FNDA:35,(anonymous_8)
FNDA:10,(anonymous_9)
FNDA:9,(anonymous_10)
FNDA:1,(anonymous_11)
FNDA:1,(anonymous_12)
FNDA:13,(anonymous_13)
FNDA:13,(anonymous_14)
FNDA:8,(anonymous_15)
FNDA:8,(anonymous_16)
FNDA:3,(anonymous_17)
FNDA:3,(anonymous_18)
FNDA:4,(anonymous_19)
FNDA:4,(anonymous_20)
FNDA:1,(anonymous_21)
FNDA:1,(anonymous_22)
FNDA:14,(anonymous_23)
DA:1,1
DA:2,1
DA:3,1
DA:4,1
DA:5,1
DA:6,1
DA:9,1
DA:13,1
DA:14,35
DA:15,35
DA:16,35
DA:17,35
DA:18,35
DA:31,35
DA:32,10
DA:35,9
DA:37,1
DA:39,9
DA:42,1
DA:47,35
DA:48,13
DA:49,13
DA:50,3
DA:55,35
DA:60,8
DA:61,8
DA:67,35
DA:68,3
DA:69,3
DA:70,3
DA:71,3
DA:75,3
DA:79,35
DA:80,4
DA:82,4
DA:83,2
DA:84,2
DA:85,2
DA:88,2
DA:89,2
DA:90,2
DA:91,2
DA:92,2
DA:93,2
DA:94,2
DA:95,1
DA:98,2
DA:99,2
DA:100,2
DA:111,2
DA:112,2
DA:114,0
DA:115,0
DA:116,0
DA:118,0
DA:119,0
DA:123,35
DA:124,1
DA:135,1
DA:138,35
DA:139,1
DA:140,1
DA:143,35
DA:192,14
DA:257,1
LF:65
LH:60
BRDA:42,0,0,1
BRDA:42,0,1,1
BRDA:42,1,0,1
BRDA:42,1,1,0
BRDA:42,2,0,1
BRDA:42,2,1,1
BRDA:49,3,0,3
BRDA:63,4,0,2
BRDA:63,4,1,6
BRDA:68,5,0,0
BRDA:70,6,0,3
BRDA:82,7,0,2
BRDA:94,8,0,1
BRDA:115,9,0,0
BRDA:115,10,0,0
BRDA:115,10,1,0
BRDA:115,11,0,0
BRDA:115,11,1,0
BRDA:115,12,0,0
BRDA:115,12,1,0
BRDA:116,13,0,0
BRDA:116,13,1,0
BRDA:202,14,0,5
BRDA:202,14,1,30
BRDA:205,15,0,5
BRDA:205,15,1,30
BRDA:213,16,0,1
BRDA:213,16,1,4
BRDA:213,17,0,5
BRDA:213,17,1,4
BRDA:249,18,0,4
BRDA:249,18,1,31
BRF:32
BRH:21
end_of_record
TN:
SF:src\components\elements\modal\alert\alert.tsx
FN:9,(anonymous_0)
FNF:1
FNH:1
FNDA:36,(anonymous_0)
DA:9,2
DA:10,36
DA:11,29
DA:14,7
DA:31,2
LF:5
LH:5
BRDA:10,0,0,29
BRF:1
BRH:1
end_of_record
TN:
SF:src\components\elements\modal\button\button.tsx
FN:11,(anonymous_0)
FNF:1
FNH:1
FNDA:74,(anonymous_0)
DA:11,2
DA:18,74
DA:30,2
LF:3
LH:3
BRDA:12,0,0,3
BRF:1
BRH:1
end_of_record
TN:
SF:src\components\elements\modal\input\TextArea.tsx
FN:10,(anonymous_0)
FNF:1
FNH:1
FNDA:37,(anonymous_0)
DA:10,2
DA:16,37
DA:28,2
LF:3
LH:3
BRF:0
BRH:0
end_of_record
TN:
SF:src\components\elements\modal\input\TextInput.tsx
FN:14,(anonymous_0)
FNF:1
FNH:1
FNDA:72,(anonymous_0)
DA:2,2
DA:14,2
DA:24,72
DA:43,2
LF:4
LH:4
BRF:0
BRH:0
end_of_record
