TN:
SF:src\components\elements\forms\formReport.tsx
FN:13,(anonymous_8)
FN:28,(anonymous_9)
FN:30,(anonymous_10)
FN:32,(anonymous_11)
FN:37,(anonymous_12)
FN:43,(anonymous_13)
FN:45,(anonymous_14)
FN:51,(anonymous_15)
FN:55,(anonymous_16)
FN:62,(anonymous_17)
FN:65,(anonymous_18)
FN:75,(anonymous_19)
FN:75,(anonymous_20)
FN:122,(anonymous_21)
FN:134,(anonymous_22)
FN:188,(anonymous_23)
FNF:16
FNH:13
FNDA:17,(anonymous_8)
FNDA:5,(anonymous_9)
FNDA:5,(anonymous_10)
FNDA:1,(anonymous_11)
FNDA:0,(anonymous_12)
FNDA:6,(anonymous_13)
FNDA:1,(anonymous_14)
FNDA:3,(anonymous_15)
FNDA:3,(anonymous_16)
FNDA:1,(anonymous_17)
FNDA:1,(anonymous_18)
FNDA:2,(anonymous_19)
FNDA:2,(anonymous_20)
FNDA:0,(anonymous_21)
FNDA:0,(anonymous_22)
FNDA:8,(anonymous_23)
DA:1,1
DA:2,1
DA:3,1
DA:4,1
DA:5,1
DA:6,1
DA:9,1
DA:13,1
DA:14,17
DA:15,16
DA:16,16
DA:17,16
DA:18,16
DA:28,16
DA:29,5
DA:31,5
DA:32,5
DA:33,1
DA:35,5
DA:38,0
DA:43,16
DA:44,6
DA:45,1
DA:46,1
DA:51,16
DA:54,3
DA:55,3
DA:62,16
DA:63,1
DA:64,1
DA:65,1
DA:70,1
DA:71,1
DA:75,16
DA:76,2
DA:78,2
DA:79,1
DA:80,1
DA:81,1
DA:84,1
DA:85,1
DA:86,1
DA:87,1
DA:88,1
DA:89,1
DA:90,1
DA:91,0
DA:95,1
DA:96,5
DA:100,1
DA:101,1
DA:102,1
DA:103,1
DA:104,1
DA:107,0
DA:108,0
DA:109,0
DA:110,0
DA:111,0
DA:113,0
DA:114,0
DA:115,0
DA:117,0
DA:122,16
DA:123,0
DA:134,16
DA:135,0
DA:136,0
DA:139,16
DA:189,8
DA:251,1
LF:71
LH:57
BRDA:44,0,0,5
BRDA:63,1,0,0
BRDA:70,2,0,1
BRDA:70,2,1,0
BRDA:78,3,0,1
BRDA:90,4,0,0
BRDA:108,5,0,0
BRDA:108,5,1,0
BRDA:109,6,0,0
BRDA:109,6,1,0
BRDA:109,7,0,0
BRDA:109,7,1,0
BRDA:113,8,0,0
BRDA:113,8,1,0
BRDA:198,9,0,2
BRDA:198,9,1,14
BRDA:199,10,0,2
BRDA:199,10,1,14
BRDA:205,11,0,0
BRDA:205,11,1,2
BRDA:205,12,0,2
BRDA:205,12,1,2
BRDA:240,13,0,2
BRDA:240,13,1,14
BRF:24
BRH:12
end_of_record
TN:
SF:src\components\elements\modal\alert\alert.tsx
FN:9,(anonymous_0)
FNF:1
FNH:1
FNDA:16,(anonymous_0)
DA:9,1
DA:10,16
DA:11,13
DA:14,3
DA:31,1
LF:5
LH:5
BRDA:10,0,0,13
BRF:1
BRH:1
end_of_record
TN:
SF:src\components\elements\modal\button\button.tsx
FN:10,(anonymous_0)
FNF:1
FNH:1
FNDA:38,(anonymous_0)
DA:10,2
DA:16,38
DA:27,2
LF:3
LH:3
BRDA:11,0,0,5
BRF:1
BRH:1
end_of_record
TN:
SF:src\components\elements\modal\input\TextArea.tsx
FN:10,(anonymous_0)
FNF:1
FNH:1
FNDA:18,(anonymous_0)
DA:10,2
DA:16,18
DA:28,2
LF:3
LH:3
BRF:0
BRH:0
end_of_record
TN:
SF:src\components\elements\modal\input\TextInput.tsx
FN:14,(anonymous_0)
FNF:1
FNH:1
FNDA:34,(anonymous_0)
DA:2,2
DA:14,2
DA:24,34
DA:43,2
LF:4
LH:4
BRF:0
BRH:0
end_of_record
